<?xml version="1.0" encoding="UTF-8"?>
<!-- Generated by org.testng.reporters.JUnitReportReporter -->
<testsuite hostname="DESKTOP-6GFANEB" failures="0" tests="1" name="Tests.LoginTest" time="1.172" errors="0" timestamp="2024-03-08T11:43:07 IST" skipped="0">
  <testcase classname="Tests.LoginTest" name="loginErrorValidation" time="1.172"/>
  <system-out/>
</testsuite> <!-- Tests.LoginTest -->
